2023-06-13T09:07:59.350Z
cwd: ~/Projects/juggling-licence-prototype
package: govuk-prototype-kit@13.8.1
argv: /usr/local/bin/node ~/.npm/_npx/ab0cb2c39bc0319f/node_modules/.bin/govuk-prototype-kit migrate
Started [Check migration is being applied to a pre v13 prototype]
Succeeded [Check migration is being applied to a pre v13 prototype]
2023-06-13T09:12:19.672Z
cwd: ~/Projects/juggling-licence-prototype
package: govuk-prototype-kit@13.8.1
argv: /usr/local/bin/node ~/Projects/juggling-licence-prototype/node_modules/.bin/govuk-prototype-kit migrate -- ~/Projects/juggling-licence-prototype
Started [Migrate config.js to config.json]
Started [Update application SCSS file]
Started [Deleted files that are no longer needed]
Started [Deleted directories that are no longer needed]
Started [Delete server.js]
Started [Delete start.js]
Started [Delete gulpfile.js]
Started [Delete VERSION.txt]
Started [Delete app/assets/sass/application-ie8.scss]
Started [Delete Procfile]
Started [Delete app/assets/sass/unbranded-ie8.scss]
Started [Remove unused directory docs]
Started [Remove unused directory gulp]
Started [Remove unused directory lib]
Started [Delete listen-on-port.js]
Started [Remove unused directory public]
Succeeded [Migrate config.js to config.json]
Succeeded [Delete server.js]
Succeeded [Delete start.js]
Succeeded [Delete gulpfile.js]
Succeeded [Delete VERSION.txt]
Succeeded [Delete app/assets/sass/application-ie8.scss]
Succeeded [Delete Procfile]
Succeeded [Delete app/assets/sass/unbranded-ie8.scss]
Succeeded [Delete listen-on-port.js]
Succeeded [Deleted files that are no longer needed]
Started [Overwrite app/views/layout.html]
Found [// Add your routes here - above the module.exports line] in [app/routes.js], replacing
Started [Overwrite app/filters.js]
Copying from [node_modules/govuk-prototype-kit/prototype-starter/app/views/layouts/main.html] to [app/views/layout.html]
Started [Delete app/assets/images/unbranded.ico]
Started [Delete app/assets/images/separator.png]
Started [Delete app/assets/sass/unbranded.scss]
Started [Delete app/views/includes/breadcrumb_examples.html]
Started [Delete app/views/includes/cookie-banner.html]
Started [Delete app/assets/javascripts/auto-store-data.js]
Started [Delete app/views/layout_unbranded.html]
Started [Delete app/views/includes/head.html]
Keeping these lines from old file
Started [Delete app/views/includes/scripts.html]
Started [Delete app/assets/javascripts/jquery-1.11.3.js]
Started [Delete app/assets/sass/patterns/_related-items.scss]
Started [Delete app/assets/sass/patterns/_step-by-step-header.scss]
Started [Delete app/assets/sass/patterns/_step-by-step-related.scss]
Started [Delete app/assets/sass/patterns/_step-by-step-nav.scss]
Found [// Add extra styles here, or re-organise the Sass files in whichever way makes most sense to you] in [app/assets/sass/application.scss], replacing
Started [Delete app/assets/sass/patterns/_task-list.scss]
Copying from [node_modules/govuk-prototype-kit/prototype-starter/app/filters.js] to [app/filters.js]
Succeeded [Remove unused directory gulp]
Keeping these lines from old file
Started [Overwrite app/assets/javascripts/application.js]
Started [Delete app/assets/images/separator-2x.png]
Copying from [node_modules/govuk-prototype-kit/prototype-starter/app/assets/javascripts/application.js] to [app/assets/javascripts/application.js]
Succeeded [Delete app/assets/images/unbranded.ico]
Succeeded [Delete app/assets/images/separator.png]
Succeeded [Delete app/assets/sass/unbranded.scss]
Succeeded [Delete app/views/includes/breadcrumb_examples.html]
Succeeded [Delete app/views/includes/cookie-banner.html]
Succeeded [Delete app/assets/javascripts/auto-store-data.js]
Succeeded [Delete app/views/layout_unbranded.html]
Succeeded [Delete app/views/includes/head.html]
Succeeded [Delete app/assets/javascripts/jquery-1.11.3.js]
Succeeded [Delete app/assets/sass/patterns/_related-items.scss]
Succeeded [Delete app/assets/sass/patterns/_step-by-step-header.scss]
Succeeded [Delete app/assets/sass/patterns/_step-by-step-related.scss]
Succeeded [Delete app/assets/sass/patterns/_step-by-step-nav.scss]
Succeeded [Delete app/views/includes/scripts.html]
Succeeded [Delete app/assets/sass/patterns/_task-list.scss]
Succeeded [Update application SCSS file]
Succeeded [Delete app/assets/images/separator-2x.png]
Succeeded [Remove unused directory lib]
Succeeded [Remove unused directory public]
Succeeded [Remove unused directory docs]
Succeeded [Deleted directories that are no longer needed]
//,// For guidance on how to create routes see:,// https://prototype-kit.service.gov.uk/docs/create-routes,//,,const govukPrototypeKit = require('govuk-prototype-kit'),const router = govukPrototypeKit.requests.setupRouter(),,// Add your routes here,,,module.exports = router,
Found [module.exports = router;,module.exports = router] in [app/routes.js], removing
Succeeded [Update routes file]
Succeeded [Overwrite app/assets/javascripts/application.js]
Succeeded [Overwrite app/filters.js]
Succeeded [Overwrite app/views/layout.html]
Started [Remove old pattern includes from application SCSS file]
Succeeded [Remove old pattern includes from application SCSS file]
Started [Remove empty directory app/assets/sass/patterns]
Started [Remove empty directory app/assets/images]
Started [Remove empty directory app/views/includes]
Succeeded [Remove empty directory app/assets/sass/patterns]
Succeeded [Remove empty directory app/assets/images]
Succeeded [Remove empty directory app/views/includes]
